Connecting to database specified by database.yml
Compiled jquery.js  (3ms)  (pid 11843)
Compiled jquery_ujs.js  (0ms)  (pid 11843)
Compiled twitter/bootstrap/bootstrap-transition.js  (0ms)  (pid 11843)
Compiled twitter/bootstrap/bootstrap-alert.js  (0ms)  (pid 11843)
Compiled twitter/bootstrap/bootstrap-modal.js  (0ms)  (pid 11843)
Compiled twitter/bootstrap/bootstrap-dropdown.js  (0ms)  (pid 11843)
Compiled twitter/bootstrap/bootstrap-scrollspy.js  (0ms)  (pid 11843)
Compiled twitter/bootstrap/bootstrap-tab.js  (0ms)  (pid 11843)
Compiled twitter/bootstrap/bootstrap-tooltip.js  (0ms)  (pid 11843)
Compiled twitter/bootstrap/bootstrap-popover.js  (0ms)  (pid 11843)
Compiled twitter/bootstrap/bootstrap-button.js  (0ms)  (pid 11843)
Compiled twitter/bootstrap/bootstrap-collapse.js  (0ms)  (pid 11843)
Compiled twitter/bootstrap/bootstrap-carousel.js  (0ms)  (pid 11843)
Compiled twitter/bootstrap/bootstrap-typeahead.js  (0ms)  (pid 11843)
Compiled twitter/bootstrap/bootstrap-affix.js  (0ms)  (pid 11843)
Compiled twitter/bootstrap.js  (1132ms)  (pid 11843)
Compiled underscore.js  (0ms)  (pid 11843)
Compiled backbone.js  (0ms)  (pid 11843)
Compiled backbone_rails_sync.js  (0ms)  (pid 11843)
Compiled backbone_datalink.js  (0ms)  (pid 11843)
Compiled backbone/user_cost_films/film_template.js  (52ms)  (pid 11843)
Compiled backbone/user_cost_films/film_view.js  (0ms)  (pid 11843)
Compiled backbone/user_cost_films/films.js  (0ms)  (pid 11843)
Compiled backbone/user_cost_films/films_template.js  (0ms)  (pid 11843)
Compiled backbone/user_cost_films/films_view.js  (0ms)  (pid 11843)
Compiled backbone/user_cost_news/news.js  (0ms)  (pid 11843)
Compiled backbone/user_cost_news/news_c_template.js  (0ms)  (pid 11843)
Compiled backbone/user_cost_news/news_c_view.js  (0ms)  (pid 11843)
Compiled backbone/user_cost_news/news_template.js  (0ms)  (pid 11843)
Compiled backbone/user_cost_news/news_view.js  (0ms)  (pid 11843)
Compiled backbone/user_cost_announce/announce_template.js  (0ms)  (pid 11843)
Compiled backbone/user_cost_announce/announce_view.js  (0ms)  (pid 11843)
Compiled backbone/user_cost_announce/announces.js  (0ms)  (pid 11843)
Compiled backbone/user_cost_announce/announces_template.js  (0ms)  (pid 11843)
Compiled backbone/user_cost_announce/announces_view.js  (0ms)  (pid 11843)
Compiled backbone/user_harakter/user.js  (0ms)  (pid 11843)
Compiled backbone/user_harakter/user_form_template.js  (0ms)  (pid 11843)
Compiled backbone/user_harakter/user_form_view.js  (0ms)  (pid 11843)
Compiled backbone/project_film.js  (617ms)  (pid 11843)
Compiled backbone/main.js  (0ms)  (pid 11843)
Compiled bootstrap.js  (4ms)  (pid 11843)
Compiled jquery.nivo.slider.js  (0ms)  (pid 11843)
Compiled jquery.nivo.slider.pack.js  (0ms)  (pid 11843)
Compiled nivo_slide.js  (0ms)  (pid 11843)
Compiled podmenu.js  (0ms)  (pid 11843)
Compiled tinymce/preinit.js  (1ms)  (pid 11843)
Compiled tinymce/tiny_mce_src.js  (4ms)  (pid 11843)
Compiled tinymce.js  (166ms)  (pid 11843)
Compiled application.js  (2681ms)  (pid 11843)
Compiled ajaxful_rating.css  (126ms)  (pid 11843)
Compiled bootstrap_and_overrides.css  (1081ms)  (pid 11843)
Compiled content.css  (0ms)  (pid 11843)
Compiled default/default.css  (0ms)  (pid 11843)
Compiled nivo-slider.css  (0ms)  (pid 11843)
Compiled scaffolds.css  (10ms)  (pid 11843)
Compiled templatemo_style.css  (0ms)  (pid 11843)
Compiled user.css  (2ms)  (pid 11843)
Compiled application.css  (1470ms)  (pid 11843)
Connecting to database specified by database.yml
Compiled jquery.js  (51ms)  (pid 11843)
Compiled jquery_ujs.js  (0ms)  (pid 11843)
Compiled twitter/bootstrap/bootstrap-transition.js  (0ms)  (pid 11843)
Compiled twitter/bootstrap/bootstrap-alert.js  (0ms)  (pid 11843)
Compiled twitter/bootstrap/bootstrap-modal.js  (0ms)  (pid 11843)
Compiled twitter/bootstrap/bootstrap-dropdown.js  (0ms)  (pid 11843)
Compiled twitter/bootstrap/bootstrap-scrollspy.js  (0ms)  (pid 11843)
Compiled twitter/bootstrap/bootstrap-tab.js  (0ms)  (pid 11843)
Compiled twitter/bootstrap/bootstrap-tooltip.js  (0ms)  (pid 11843)
Compiled twitter/bootstrap/bootstrap-popover.js  (0ms)  (pid 11843)
Compiled twitter/bootstrap/bootstrap-button.js  (0ms)  (pid 11843)
Compiled twitter/bootstrap/bootstrap-collapse.js  (0ms)  (pid 11843)
Compiled twitter/bootstrap/bootstrap-carousel.js  (0ms)  (pid 11843)
Compiled twitter/bootstrap/bootstrap-typeahead.js  (0ms)  (pid 11843)
Compiled twitter/bootstrap/bootstrap-affix.js  (0ms)  (pid 11843)
Compiled twitter/bootstrap.js  (539ms)  (pid 11843)
Compiled underscore.js  (0ms)  (pid 11843)
Compiled backbone.js  (0ms)  (pid 11843)
Compiled backbone_rails_sync.js  (0ms)  (pid 11843)
Compiled backbone_datalink.js  (0ms)  (pid 11843)
Compiled backbone/user_cost_films/film_template.js  (26ms)  (pid 11843)
Compiled backbone/user_cost_films/film_view.js  (0ms)  (pid 11843)
Compiled backbone/user_cost_films/films.js  (0ms)  (pid 11843)
Compiled backbone/user_cost_films/films_template.js  (0ms)  (pid 11843)
Compiled backbone/user_cost_films/films_view.js  (0ms)  (pid 11843)
Compiled backbone/user_cost_news/news.js  (0ms)  (pid 11843)
Compiled backbone/user_cost_news/news_c_template.js  (0ms)  (pid 11843)
Compiled backbone/user_cost_news/news_c_view.js  (0ms)  (pid 11843)
Compiled backbone/user_cost_news/news_template.js  (0ms)  (pid 11843)
Compiled backbone/user_cost_news/news_view.js  (0ms)  (pid 11843)
Compiled backbone/user_cost_announce/announce_template.js  (0ms)  (pid 11843)
Compiled backbone/user_cost_announce/announce_view.js  (0ms)  (pid 11843)
Compiled backbone/user_cost_announce/announces.js  (0ms)  (pid 11843)
Compiled backbone/user_cost_announce/announces_template.js  (0ms)  (pid 11843)
Compiled backbone/user_cost_announce/announces_view.js  (0ms)  (pid 11843)
Compiled backbone/user_harakter/user.js  (0ms)  (pid 11843)
Compiled backbone/user_harakter/user_form_template.js  (0ms)  (pid 11843)
Compiled backbone/user_harakter/user_form_view.js  (0ms)  (pid 11843)
Compiled backbone/project_film.js  (673ms)  (pid 11843)
Compiled backbone/main.js  (0ms)  (pid 11843)
Compiled bootstrap.js  (4ms)  (pid 11843)
Compiled jquery.nivo.slider.js  (0ms)  (pid 11843)
Compiled jquery.nivo.slider.pack.js  (0ms)  (pid 11843)
Compiled nivo_slide.js  (0ms)  (pid 11843)
Compiled podmenu.js  (0ms)  (pid 11843)
Compiled tinymce/preinit.js  (0ms)  (pid 11843)
Compiled tinymce/tiny_mce_src.js  (4ms)  (pid 11843)
Compiled tinymce.js  (73ms)  (pid 11843)
Compiled application.js  (1653ms)  (pid 11843)
Compiled ajaxful_rating.css  (142ms)  (pid 11843)
Compiled bootstrap_and_overrides.css  (1087ms)  (pid 11843)
Compiled content.css  (0ms)  (pid 11843)
Compiled default/default.css  (0ms)  (pid 11843)
Compiled nivo-slider.css  (0ms)  (pid 11843)
Compiled scaffolds.css  (9ms)  (pid 11843)
Compiled templatemo_style.css  (0ms)  (pid 11843)
Compiled user.css  (1ms)  (pid 11843)
Compiled application.css  (1363ms)  (pid 11843)
Connecting to database specified by database.yml


Started GET "/films/user/20" for 46.98.3.207 at 2013-06-26 01:59:56 +0400
Processing by FilmsController#get_cu_films as HTML
  Parameters: {"id"=>"20"}
Completed 500 Internal Server Error in 1385ms

CanCan::AccessDenied (You are not authorized to access this page.):
  cancan (1.6.8) lib/cancan/ability.rb:202:in `authorize!'
  cancan (1.6.8) lib/cancan/controller_additions.rb:333:in `authorize!'
  cancan (1.6.8) lib/cancan/controller_resource.rb:41:in `authorize_resource'
  cancan (1.6.8) lib/cancan/controller_resource.rb:26:in `load_and_authorize_resource'
  cancan (1.6.8) lib/cancan/controller_resource.rb:10:in `block in add_before_filter'
  activesupport (3.2.8) lib/active_support/callbacks.rb:418:in `_run__1883917971531074681__process_action__381879619243840634__callbacks'
  activesupport (3.2.8) lib/active_support/callbacks.rb:405:in `__run_callback'
  activesupport (3.2.8) lib/active_support/callbacks.rb:385:in `_run_process_action_callbacks'
  activesupport (3.2.8) lib/active_support/callbacks.rb:81:in `run_callbacks'
  actionpack (3.2.8) lib/abstract_controller/callbacks.rb:17:in `process_action'
  actionpack (3.2.8) lib/action_controller/metal/rescue.rb:29:in `process_action'
  actionpack (3.2.8) lib/action_controller/metal/instrumentation.rb:30:in `block in process_action'
  activesupport (3.2.8) lib/active_support/notifications.rb:123:in `block in instrument'
  activesupport (3.2.8) lib/active_support/notifications/instrumenter.rb:20:in `instrument'
  activesupport (3.2.8) lib/active_support/notifications.rb:123:in `instrument'
  actionpack (3.2.8) lib/action_controller/metal/instrumentation.rb:29:in `process_action'
  actionpack (3.2.8) lib/action_controller/metal/params_wrapper.rb:207:in `process_action'
  activerecord (3.2.8) lib/active_record/railties/controller_runtime.rb:18:in `process_action'
  actionpack (3.2.8) lib/abstract_controller/base.rb:121:in `process'
  actionpack (3.2.8) lib/abstract_controller/rendering.rb:45:in `process'
  actionpack (3.2.8) lib/action_controller/metal.rb:203:in `dispatch'
  actionpack (3.2.8) lib/action_controller/metal/rack_delegation.rb:14:in `dispatch'
  actionpack (3.2.8) lib/action_controller/metal.rb:246:in `block in action'
  actionpack (3.2.8) lib/action_dispatch/routing/route_set.rb:73:in `call'
  actionpack (3.2.8) lib/action_dispatch/routing/route_set.rb:73:in `dispatch'
  actionpack (3.2.8) lib/action_dispatch/routing/route_set.rb:36:in `call'
  journey (1.0.4) lib/journey/router.rb:68:in `block in call'
  journey (1.0.4) lib/journey/router.rb:56:in `each'
  journey (1.0.4) lib/journey/router.rb:56:in `call'
  actionpack (3.2.8) lib/action_dispatch/routing/route_set.rb:600:in `call'
  actionpack (3.2.8) lib/action_dispatch/middleware/static.rb:62:in `call'
  omniauth (1.1.2) lib/omniauth/strategy.rb:177:in `call!'
  omniauth (1.1.2) lib/omniauth/strategy.rb:157:in `call'
  omniauth (1.1.2) lib/omniauth/strategy.rb:177:in `call!'
  omniauth (1.1.2) lib/omniauth/strategy.rb:157:in `call'
  warden (1.2.1) lib/warden/manager.rb:35:in `block in call'
  warden (1.2.1) lib/warden/manager.rb:34:in `catch'
  warden (1.2.1) lib/warden/manager.rb:34:in `call'
  actionpack (3.2.8) lib/action_dispatch/middleware/best_standards_support.rb:17:in `call'
  rack (1.4.1) lib/rack/etag.rb:23:in `call'
  rack (1.4.1) lib/rack/conditionalget.rb:25:in `call'
  actionpack (3.2.8) lib/action_dispatch/middleware/head.rb:14:in `call'
  actionpack (3.2.8) lib/action_dispatch/middleware/params_parser.rb:21:in `call'
  actionpack (3.2.8) lib/action_dispatch/middleware/flash.rb:242:in `call'
  rack (1.4.1) lib/rack/session/abstract/id.rb:205:in `context'
  rack (1.4.1) lib/rack/session/abstract/id.rb:200:in `call'
  actionpack (3.2.8) lib/action_dispatch/middleware/cookies.rb:339:in `call'
  activerecord (3.2.8) lib/active_record/query_cache.rb:64:in `call'
  activerecord (3.2.8) lib/active_record/connection_adapters/abstract/connection_pool.rb:473:in `call'
  actionpack (3.2.8) lib/action_dispatch/middleware/callbacks.rb:28:in `block in call'
  activesupport (3.2.8) lib/active_support/callbacks.rb:405:in `_run__1942430047682978856__call__2260604188678718150__callbacks'
  activesupport (3.2.8) lib/active_support/callbacks.rb:405:in `__run_callback'
  activesupport (3.2.8) lib/active_support/callbacks.rb:385:in `_run_call_callbacks'
  activesupport (3.2.8) lib/active_support/callbacks.rb:81:in `run_callbacks'
  actionpack (3.2.8) lib/action_dispatch/middleware/callbacks.rb:27:in `call'
  actionpack (3.2.8) lib/action_dispatch/middleware/remote_ip.rb:31:in `call'
  actionpack (3.2.8) lib/action_dispatch/middleware/debug_exceptions.rb:16:in `call'
  actionpack (3.2.8) lib/action_dispatch/middleware/show_exceptions.rb:56:in `call'
  railties (3.2.8) lib/rails/rack/logger.rb:26:in `call_app'
  railties (3.2.8) lib/rails/rack/logger.rb:16:in `call'
  actionpack (3.2.8) lib/action_dispatch/middleware/request_id.rb:22:in `call'
  rack (1.4.1) lib/rack/methodoverride.rb:21:in `call'
  rack (1.4.1) lib/rack/runtime.rb:17:in `call'
  activesupport (3.2.8) lib/active_support/cache/strategy/local_cache.rb:72:in `call'
  rack (1.4.1) lib/rack/lock.rb:15:in `call'
  rack-cache (1.2) lib/rack/cache/context.rb:136:in `forward'
  rack-cache (1.2) lib/rack/cache/context.rb:245:in `fetch'
  rack-cache (1.2) lib/rack/cache/context.rb:185:in `lookup'
  rack-cache (1.2) lib/rack/cache/context.rb:66:in `call!'
  rack-cache (1.2) lib/rack/cache/context.rb:51:in `call'
  railties (3.2.8) lib/rails/engine.rb:479:in `call'
  railties (3.2.8) lib/rails/application.rb:223:in `call'
  railties (3.2.8) lib/rails/railtie/configurable.rb:30:in `method_missing'
  unicorn (4.4.0) lib/unicorn/http_server.rb:535:in `process_client'
  unicorn (4.4.0) lib/unicorn/http_server.rb:610:in `worker_loop'
  unicorn (4.4.0) lib/unicorn/http_server.rb:491:in `spawn_missing_workers'
  unicorn (4.4.0) lib/unicorn/http_server.rb:141:in `start'
  unicorn (4.4.0) bin/unicorn_rails:209:in `<top (required)>'
  /var/home/hosting_professor7717/projects/films/shared/gems/ruby/1.9.1/bin/unicorn_rails:23:in `load'
  /var/home/hosting_professor7717/projects/films/shared/gems/ruby/1.9.1/bin/unicorn_rails:23:in `<main>'




Started GET "/films/user/20" for 46.98.3.207 at 2013-06-26 02:00:06 +0400
Processing by FilmsController#get_cu_films as HTML
  Parameters: {"id"=>"20"}
Completed 500 Internal Server Error in 11ms

CanCan::AccessDenied (You are not authorized to access this page.):
  cancan (1.6.8) lib/cancan/ability.rb:202:in `authorize!'
  cancan (1.6.8) lib/cancan/controller_additions.rb:333:in `authorize!'
  cancan (1.6.8) lib/cancan/controller_resource.rb:41:in `authorize_resource'
  cancan (1.6.8) lib/cancan/controller_resource.rb:26:in `load_and_authorize_resource'
  cancan (1.6.8) lib/cancan/controller_resource.rb:10:in `block in add_before_filter'
  activesupport (3.2.8) lib/active_support/callbacks.rb:418:in `_run__1883917971531074681__process_action__381879619243840634__callbacks'
  activesupport (3.2.8) lib/active_support/callbacks.rb:405:in `__run_callback'
  activesupport (3.2.8) lib/active_support/callbacks.rb:385:in `_run_process_action_callbacks'
  activesupport (3.2.8) lib/active_support/callbacks.rb:81:in `run_callbacks'
  actionpack (3.2.8) lib/abstract_controller/callbacks.rb:17:in `process_action'
  actionpack (3.2.8) lib/action_controller/metal/rescue.rb:29:in `process_action'
  actionpack (3.2.8) lib/action_controller/metal/instrumentation.rb:30:in `block in process_action'
  activesupport (3.2.8) lib/active_support/notifications.rb:123:in `block in instrument'
  activesupport (3.2.8) lib/active_support/notifications/instrumenter.rb:20:in `instrument'
  activesupport (3.2.8) lib/active_support/notifications.rb:123:in `instrument'
  actionpack (3.2.8) lib/action_controller/metal/instrumentation.rb:29:in `process_action'
  actionpack (3.2.8) lib/action_controller/metal/params_wrapper.rb:207:in `process_action'
  activerecord (3.2.8) lib/active_record/railties/controller_runtime.rb:18:in `process_action'
  actionpack (3.2.8) lib/abstract_controller/base.rb:121:in `process'
  actionpack (3.2.8) lib/abstract_controller/rendering.rb:45:in `process'
  actionpack (3.2.8) lib/action_controller/metal.rb:203:in `dispatch'
  actionpack (3.2.8) lib/action_controller/metal/rack_delegation.rb:14:in `dispatch'
  actionpack (3.2.8) lib/action_controller/metal.rb:246:in `block in action'
  actionpack (3.2.8) lib/action_dispatch/routing/route_set.rb:73:in `call'
  actionpack (3.2.8) lib/action_dispatch/routing/route_set.rb:73:in `dispatch'
  actionpack (3.2.8) lib/action_dispatch/routing/route_set.rb:36:in `call'
  journey (1.0.4) lib/journey/router.rb:68:in `block in call'
  journey (1.0.4) lib/journey/router.rb:56:in `each'
  journey (1.0.4) lib/journey/router.rb:56:in `call'
  actionpack (3.2.8) lib/action_dispatch/routing/route_set.rb:600:in `call'
  actionpack (3.2.8) lib/action_dispatch/middleware/static.rb:62:in `call'
  omniauth (1.1.2) lib/omniauth/strategy.rb:177:in `call!'
  omniauth (1.1.2) lib/omniauth/strategy.rb:157:in `call'
  omniauth (1.1.2) lib/omniauth/strategy.rb:177:in `call!'
  omniauth (1.1.2) lib/omniauth/strategy.rb:157:in `call'
  warden (1.2.1) lib/warden/manager.rb:35:in `block in call'
  warden (1.2.1) lib/warden/manager.rb:34:in `catch'
  warden (1.2.1) lib/warden/manager.rb:34:in `call'
  actionpack (3.2.8) lib/action_dispatch/middleware/best_standards_support.rb:17:in `call'
  rack (1.4.1) lib/rack/etag.rb:23:in `call'
  rack (1.4.1) lib/rack/conditionalget.rb:25:in `call'
  actionpack (3.2.8) lib/action_dispatch/middleware/head.rb:14:in `call'
  actionpack (3.2.8) lib/action_dispatch/middleware/params_parser.rb:21:in `call'
  actionpack (3.2.8) lib/action_dispatch/middleware/flash.rb:242:in `call'
  rack (1.4.1) lib/rack/session/abstract/id.rb:205:in `context'
  rack (1.4.1) lib/rack/session/abstract/id.rb:200:in `call'
  actionpack (3.2.8) lib/action_dispatch/middleware/cookies.rb:339:in `call'
  activerecord (3.2.8) lib/active_record/query_cache.rb:64:in `call'
  activerecord (3.2.8) lib/active_record/connection_adapters/abstract/connection_pool.rb:473:in `call'
  actionpack (3.2.8) lib/action_dispatch/middleware/callbacks.rb:28:in `block in call'
  activesupport (3.2.8) lib/active_support/callbacks.rb:405:in `_run__1942430047682978856__call__2260604188678718150__callbacks'
  activesupport (3.2.8) lib/active_support/callbacks.rb:405:in `__run_callback'
  activesupport (3.2.8) lib/active_support/callbacks.rb:385:in `_run_call_callbacks'
  activesupport (3.2.8) lib/active_support/callbacks.rb:81:in `run_callbacks'
  actionpack (3.2.8) lib/action_dispatch/middleware/callbacks.rb:27:in `call'
  actionpack (3.2.8) lib/action_dispatch/middleware/remote_ip.rb:31:in `call'
  actionpack (3.2.8) lib/action_dispatch/middleware/debug_exceptions.rb:16:in `call'
  actionpack (3.2.8) lib/action_dispatch/middleware/show_exceptions.rb:56:in `call'
  railties (3.2.8) lib/rails/rack/logger.rb:26:in `call_app'
  railties (3.2.8) lib/rails/rack/logger.rb:16:in `call'
  actionpack (3.2.8) lib/action_dispatch/middleware/request_id.rb:22:in `call'
  rack (1.4.1) lib/rack/methodoverride.rb:21:in `call'
  rack (1.4.1) lib/rack/runtime.rb:17:in `call'
  activesupport (3.2.8) lib/active_support/cache/strategy/local_cache.rb:72:in `call'
  rack (1.4.1) lib/rack/lock.rb:15:in `call'
  rack-cache (1.2) lib/rack/cache/context.rb:136:in `forward'
  rack-cache (1.2) lib/rack/cache/context.rb:245:in `fetch'
  rack-cache (1.2) lib/rack/cache/context.rb:185:in `lookup'
  rack-cache (1.2) lib/rack/cache/context.rb:66:in `call!'
  rack-cache (1.2) lib/rack/cache/context.rb:51:in `call'
  railties (3.2.8) lib/rails/engine.rb:479:in `call'
  railties (3.2.8) lib/rails/application.rb:223:in `call'
  railties (3.2.8) lib/rails/railtie/configurable.rb:30:in `method_missing'
  unicorn (4.4.0) lib/unicorn/http_server.rb:535:in `process_client'
  unicorn (4.4.0) lib/unicorn/http_server.rb:610:in `worker_loop'
  unicorn (4.4.0) lib/unicorn/http_server.rb:491:in `spawn_missing_workers'
  unicorn (4.4.0) lib/unicorn/http_server.rb:141:in `start'
  unicorn (4.4.0) bin/unicorn_rails:209:in `<top (required)>'
  /var/home/hosting_professor7717/projects/films/shared/gems/ruby/1.9.1/bin/unicorn_rails:23:in `load'
  /var/home/hosting_professor7717/projects/films/shared/gems/ruby/1.9.1/bin/unicorn_rails:23:in `<main>'




Started GET "/" for 46.98.3.207 at 2013-06-26 02:00:25 +0400
Processing by FilmsController#index as HTML
  Rendered assets/_content.html.erb (47.7ms)
  Rendered films/index.html.erb within layouts/application (325.4ms)
  Rendered assets/_links.html.erb (175.5ms)
  Rendered assets/_nivo.html.erb (89.3ms)
  Rendered assets/_vidjet.html.erb (1.3ms)
  Rendered assets/_top_10.html.erb (64.0ms)
  Rendered assets/_right_baner.html.erb (189.1ms)
  Rendered assets/_bottom_baner.html.erb (4.6ms)
Completed 200 OK in 1923ms (Views: 1384.7ms | ActiveRecord: 509.4ms)


Started GET "/" for 46.98.3.207 at 2013-06-26 02:00:31 +0400
Processing by FilmsController#index as HTML
  Rendered assets/_content.html.erb (9.4ms)
  Rendered films/index.html.erb within layouts/application (218.4ms)
  Rendered assets/_links.html.erb (5.2ms)
  Rendered assets/_nivo.html.erb (2.0ms)
  Rendered assets/_vidjet.html.erb (0.3ms)
  Rendered assets/_top_10.html.erb (9.2ms)
  Rendered assets/_right_baner.html.erb (2.4ms)
  Rendered assets/_bottom_baner.html.erb (3.7ms)
Completed 200 OK in 296ms (Views: 31.6ms | ActiveRecord: 232.9ms)


Started GET "/users/sign_in" for 46.98.3.207 at 2013-06-26 02:00:32 +0400
Processing by Devise::SessionsController#new as HTML
  Rendered devise/shared/_links.erb (1.7ms)
  Rendered devise/sessions/new.html.erb within layouts/application (183.7ms)
  Rendered assets/_links.html.erb (5.1ms)
  Rendered assets/_nivo.html.erb (1.9ms)
  Rendered assets/_vidjet.html.erb (0.3ms)
  Rendered assets/_top_10.html.erb (5.1ms)
  Rendered assets/_right_baner.html.erb (1.4ms)
  Rendered assets/_bottom_baner.html.erb (2.4ms)
Completed 200 OK in 338ms (Views: 333.8ms | ActiveRecord: 3.2ms)


Started GET "/users/sign_in" for 46.98.3.207 at 2013-06-26 02:00:35 +0400
Processing by Devise::SessionsController#new as HTML
  Rendered devise/shared/_links.erb (0.2ms)
  Rendered devise/sessions/new.html.erb within layouts/application (3.2ms)
  Rendered assets/_links.html.erb (4.3ms)
  Rendered assets/_nivo.html.erb (1.8ms)
  Rendered assets/_vidjet.html.erb (0.3ms)
  Rendered assets/_top_10.html.erb (4.4ms)
  Rendered assets/_right_baner.html.erb (0.8ms)
  Rendered assets/_bottom_baner.html.erb (1.9ms)
Completed 200 OK in 21ms (Views: 18.1ms | ActiveRecord: 2.4ms)


Started GET "/users/auth/facebook" for 46.98.3.207 at 2013-06-26 02:00:39 +0400


Started GET "/users/auth/facebook/callback?code=AQBRCPRDFBBVMnd7akJNibWJu4zFoko_Ch1-SsJ5hpphVFfEHtBPjZrrUs0AFgWC9tVravdp6Ksr2y2SaIpucwuWdym9fUDL5339hglRT95NGZ4eOH6K2OkE-39-pAQ3C-EDjv9q3BAJPoK8D5d9Y964-1jM4k-NiHt_MY6aNjAhPGoATcVsLHl8NXM-LhwkGkbK1FqGwKkjR8W5Sn4I4PjBHsryTEYWqRWKMzJvyEa-OTHpfqvxkY8WyNWZc3f2Kw0MyZrrpnG8oqILURbYE82MaFX6KcyosV3-Omz0FyDuQ8x3g5Do65e_ZfC2Gir1pUM&state=1ededeac66fd140403b97d092acdd901e1969879b16abb59" for 46.98.3.207 at 2013-06-26 02:00:40 +0400
Processing by Users::OmniauthCallbacksController#facebook as HTML
  Parameters: {"code"=>"AQBRCPRDFBBVMnd7akJNibWJu4zFoko_Ch1-SsJ5hpphVFfEHtBPjZrrUs0AFgWC9tVravdp6Ksr2y2SaIpucwuWdym9fUDL5339hglRT95NGZ4eOH6K2OkE-39-pAQ3C-EDjv9q3BAJPoK8D5d9Y964-1jM4k-NiHt_MY6aNjAhPGoATcVsLHl8NXM-LhwkGkbK1FqGwKkjR8W5Sn4I4PjBHsryTEYWqRWKMzJvyEa-OTHpfqvxkY8WyNWZc3f2Kw0MyZrrpnG8oqILURbYE82MaFX6KcyosV3-Omz0FyDuQ8x3g5Do65e_ZfC2Gir1pUM", "state"=>"1ededeac66fd140403b97d092acdd901e1969879b16abb59"}
Redirected to http://paravoz.biz/
Completed 302 Found in 708ms (ActiveRecord: 127.9ms)


Started GET "/" for 46.98.3.207 at 2013-06-26 02:00:44 +0400
Processing by FilmsController#index as HTML
  Rendered assets/_content.html.erb (9.5ms)
  Rendered films/index.html.erb within layouts/application (10.9ms)
  Rendered assets/_links.html.erb (4.5ms)
  Rendered assets/_nivo.html.erb (2.3ms)
  Rendered assets/_vidjet.html.erb (0.3ms)
  Rendered assets/_top_10.html.erb (4.1ms)
  Rendered assets/_right_baner.html.erb (0.8ms)
  Rendered assets/_bottom_baner.html.erb (1.7ms)
Completed 200 OK in 65ms (Views: 26.3ms | ActiveRecord: 9.0ms)


Started GET "/" for 46.98.3.207 at 2013-06-26 02:00:44 +0400
Processing by FilmsController#index as HTML
  Rendered assets/_content.html.erb (9.4ms)
  Rendered films/index.html.erb within layouts/application (10.9ms)
  Rendered assets/_links.html.erb (4.5ms)
  Rendered assets/_nivo.html.erb (1.9ms)
  Rendered assets/_vidjet.html.erb (0.4ms)
  Rendered assets/_top_10.html.erb (8.3ms)
  Rendered assets/_right_baner.html.erb (6.2ms)
  Rendered assets/_bottom_baner.html.erb (2.2ms)
Completed 200 OK in 72ms (Views: 29.3ms | ActiveRecord: 14.6ms)


Started GET "/admin" for 46.98.3.207 at 2013-06-26 02:01:24 +0400
Processing by SettingController#index as HTML
  Rendered setting/_form.html.erb (7.7ms)
  Rendered setting/index.html.erb within layouts/admin (15.3ms)
  Rendered assets/_links_a.html.erb (1.9ms)
Completed 200 OK in 98ms (Views: 83.9ms | ActiveRecord: 0.9ms)


Started GET "/admin/users" for 46.98.3.207 at 2013-06-26 02:01:28 +0400
Processing by UsersController#index as HTML
  Rendered users/index.html.erb within layouts/admin (208.9ms)
  Rendered assets/_links_a.html.erb (1.0ms)
Completed 200 OK in 261ms (Views: 138.3ms | ActiveRecord: 105.6ms)


Started GET "/admin/users/5" for 46.98.3.207 at 2013-06-26 02:01:36 +0400
Processing by UsersController#show as HTML
  Parameters: {"id"=>"5"}
  Rendered users/show.html.erb within layouts/admin (0.6ms)
  Rendered assets/_links_a.html.erb (1.2ms)
Completed 200 OK in 77ms (Views: 62.0ms | ActiveRecord: 2.6ms)


Started GET "/films/user/5" for 46.98.3.207 at 2013-06-26 02:01:38 +0400
Processing by FilmsController#get_cu_films as JSON
  Parameters: {"id"=>"5"}
Completed 500 Internal Server Error in 7ms

ActiveRecord::RecordNotFound (Couldn't find Film with id=5):
  activerecord (3.2.8) lib/active_record/relation/finder_methods.rb:341:in `find_one'
  activerecord (3.2.8) lib/active_record/relation/finder_methods.rb:312:in `find_with_ids'
  activerecord (3.2.8) lib/active_record/relation/finder_methods.rb:107:in `find'
  activerecord (3.2.8) lib/active_record/querying.rb:5:in `find'
  cancan (1.6.8) lib/cancan/model_adapters/abstract_adapter.rb:20:in `find'
  cancan (1.6.8) lib/cancan/controller_resource.rb:114:in `find_resource'
  cancan (1.6.8) lib/cancan/controller_resource.rb:68:in `load_resource_instance'
  cancan (1.6.8) lib/cancan/controller_resource.rb:32:in `load_resource'
  cancan (1.6.8) lib/cancan/controller_resource.rb:25:in `load_and_authorize_resource'
  cancan (1.6.8) lib/cancan/controller_resource.rb:10:in `block in add_before_filter'
  activesupport (3.2.8) lib/active_support/callbacks.rb:418:in `_run__1883917971531074681__process_action__381879619243840634__callbacks'
  activesupport (3.2.8) lib/active_support/callbacks.rb:405:in `__run_callback'
  activesupport (3.2.8) lib/active_support/callbacks.rb:385:in `_run_process_action_callbacks'
  activesupport (3.2.8) lib/active_support/callbacks.rb:81:in `run_callbacks'
  actionpack (3.2.8) lib/abstract_controller/callbacks.rb:17:in `process_action'
  actionpack (3.2.8) lib/action_controller/metal/rescue.rb:29:in `process_action'
  actionpack (3.2.8) lib/action_controller/metal/instrumentation.rb:30:in `block in process_action'
  activesupport (3.2.8) lib/active_support/notifications.rb:123:in `block in instrument'
  activesupport (3.2.8) lib/active_support/notifications/instrumenter.rb:20:in `instrument'
  activesupport (3.2.8) lib/active_support/notifications.rb:123:in `instrument'
  actionpack (3.2.8) lib/action_controller/metal/instrumentation.rb:29:in `process_action'
  actionpack (3.2.8) lib/action_controller/metal/params_wrapper.rb:207:in `process_action'
  activerecord (3.2.8) lib/active_record/railties/controller_runtime.rb:18:in `process_action'
  actionpack (3.2.8) lib/abstract_controller/base.rb:121:in `process'
  actionpack (3.2.8) lib/abstract_controller/rendering.rb:45:in `process'
  actionpack (3.2.8) lib/action_controller/metal.rb:203:in `dispatch'
  actionpack (3.2.8) lib/action_controller/metal/rack_delegation.rb:14:in `dispatch'
  actionpack (3.2.8) lib/action_controller/metal.rb:246:in `block in action'
  actionpack (3.2.8) lib/action_dispatch/routing/route_set.rb:73:in `call'
  actionpack (3.2.8) lib/action_dispatch/routing/route_set.rb:73:in `dispatch'
  actionpack (3.2.8) lib/action_dispatch/routing/route_set.rb:36:in `call'
  journey (1.0.4) lib/journey/router.rb:68:in `block in call'
  journey (1.0.4) lib/journey/router.rb:56:in `each'
  journey (1.0.4) lib/journey/router.rb:56:in `call'
  actionpack (3.2.8) lib/action_dispatch/routing/route_set.rb:600:in `call'
  actionpack (3.2.8) lib/action_dispatch/middleware/static.rb:62:in `call'
  omniauth (1.1.2) lib/omniauth/strategy.rb:177:in `call!'
  omniauth (1.1.2) lib/omniauth/strategy.rb:157:in `call'
  omniauth (1.1.2) lib/omniauth/strategy.rb:177:in `call!'
  omniauth (1.1.2) lib/omniauth/strategy.rb:157:in `call'
  warden (1.2.1) lib/warden/manager.rb:35:in `block in call'
  warden (1.2.1) lib/warden/manager.rb:34:in `catch'
  warden (1.2.1) lib/warden/manager.rb:34:in `call'
  actionpack (3.2.8) lib/action_dispatch/middleware/best_standards_support.rb:17:in `call'
  rack (1.4.1) lib/rack/etag.rb:23:in `call'
  rack (1.4.1) lib/rack/conditionalget.rb:25:in `call'
  actionpack (3.2.8) lib/action_dispatch/middleware/head.rb:14:in `call'
  actionpack (3.2.8) lib/action_dispatch/middleware/params_parser.rb:21:in `call'
  actionpack (3.2.8) lib/action_dispatch/middleware/flash.rb:242:in `call'
  rack (1.4.1) lib/rack/session/abstract/id.rb:205:in `context'
  rack (1.4.1) lib/rack/session/abstract/id.rb:200:in `call'
  actionpack (3.2.8) lib/action_dispatch/middleware/cookies.rb:339:in `call'
  activerecord (3.2.8) lib/active_record/query_cache.rb:64:in `call'
  activerecord (3.2.8) lib/active_record/connection_adapters/abstract/connection_pool.rb:473:in `call'
  actionpack (3.2.8) lib/action_dispatch/middleware/callbacks.rb:28:in `block in call'
  activesupport (3.2.8) lib/active_support/callbacks.rb:405:in `_run__1942430047682978856__call__2260604188678718150__callbacks'
  activesupport (3.2.8) lib/active_support/callbacks.rb:405:in `__run_callback'
  activesupport (3.2.8) lib/active_support/callbacks.rb:385:in `_run_call_callbacks'
  activesupport (3.2.8) lib/active_support/callbacks.rb:81:in `run_callbacks'
  actionpack (3.2.8) lib/action_dispatch/middleware/callbacks.rb:27:in `call'
  actionpack (3.2.8) lib/action_dispatch/middleware/remote_ip.rb:31:in `call'
  actionpack (3.2.8) lib/action_dispatch/middleware/debug_exceptions.rb:16:in `call'
  actionpack (3.2.8) lib/action_dispatch/middleware/show_exceptions.rb:56:in `call'
  railties (3.2.8) lib/rails/rack/logger.rb:26:in `call_app'
  railties (3.2.8) lib/rails/rack/logger.rb:16:in `call'
  actionpack (3.2.8) lib/action_dispatch/middleware/request_id.rb:22:in `call'
  rack (1.4.1) lib/rack/methodoverride.rb:21:in `call'
  rack (1.4.1) lib/rack/runtime.rb:17:in `call'
  activesupport (3.2.8) lib/active_support/cache/strategy/local_cache.rb:72:in `call'
  rack (1.4.1) lib/rack/lock.rb:15:in `call'
  rack-cache (1.2) lib/rack/cache/context.rb:136:in `forward'
  rack-cache (1.2) lib/rack/cache/context.rb:245:in `fetch'
  rack-cache (1.2) lib/rack/cache/context.rb:185:in `lookup'
  rack-cache (1.2) lib/rack/cache/context.rb:66:in `call!'
  rack-cache (1.2) lib/rack/cache/context.rb:51:in `call'
  railties (3.2.8) lib/rails/engine.rb:479:in `call'
  railties (3.2.8) lib/rails/application.rb:223:in `call'
  railties (3.2.8) lib/rails/railtie/configurable.rb:30:in `method_missing'
  unicorn (4.4.0) lib/unicorn/http_server.rb:535:in `process_client'
  unicorn (4.4.0) lib/unicorn/http_server.rb:610:in `worker_loop'
  unicorn (4.4.0) lib/unicorn/http_server.rb:491:in `spawn_missing_workers'
  unicorn (4.4.0) lib/unicorn/http_server.rb:141:in `start'
  unicorn (4.4.0) bin/unicorn_rails:209:in `<top (required)>'
  /var/home/hosting_professor7717/projects/films/shared/gems/ruby/1.9.1/bin/unicorn_rails:23:in `load'
  /var/home/hosting_professor7717/projects/films/shared/gems/ruby/1.9.1/bin/unicorn_rails:23:in `<main>'




Started GET "/news/user?id=5" for 46.98.3.207 at 2013-06-26 02:01:38 +0400
Processing by NewsController#get_new_cu as JSON
  Parameters: {"id"=>"5"}
Completed 500 Internal Server Error in 7ms

ActiveRecord::RecordNotFound (Couldn't find News with id=5):
  activerecord (3.2.8) lib/active_record/relation/finder_methods.rb:341:in `find_one'
  activerecord (3.2.8) lib/active_record/relation/finder_methods.rb:312:in `find_with_ids'
  activerecord (3.2.8) lib/active_record/relation/finder_methods.rb:107:in `find'
  activerecord (3.2.8) lib/active_record/querying.rb:5:in `find'
  cancan (1.6.8) lib/cancan/model_adapters/abstract_adapter.rb:20:in `find'
  cancan (1.6.8) lib/cancan/controller_resource.rb:114:in `find_resource'
  cancan (1.6.8) lib/cancan/controller_resource.rb:68:in `load_resource_instance'
  cancan (1.6.8) lib/cancan/controller_resource.rb:32:in `load_resource'
  cancan (1.6.8) lib/cancan/controller_resource.rb:25:in `load_and_authorize_resource'
  cancan (1.6.8) lib/cancan/controller_resource.rb:10:in `block in add_before_filter'
  activesupport (3.2.8) lib/active_support/callbacks.rb:418:in `_run__1091110730135833021__process_action__1380787972858424945__callbacks'
  activesupport (3.2.8) lib/active_support/callbacks.rb:405:in `__run_callback'
  activesupport (3.2.8) lib/active_support/callbacks.rb:385:in `_run_process_action_callbacks'
  activesupport (3.2.8) lib/active_support/callbacks.rb:81:in `run_callbacks'
  actionpack (3.2.8) lib/abstract_controller/callbacks.rb:17:in `process_action'
  actionpack (3.2.8) lib/action_controller/metal/rescue.rb:29:in `process_action'
  actionpack (3.2.8) lib/action_controller/metal/instrumentation.rb:30:in `block in process_action'
  activesupport (3.2.8) lib/active_support/notifications.rb:123:in `block in instrument'
  activesupport (3.2.8) lib/active_support/notifications/instrumenter.rb:20:in `instrument'
  activesupport (3.2.8) lib/active_support/notifications.rb:123:in `instrument'
  actionpack (3.2.8) lib/action_controller/metal/instrumentation.rb:29:in `process_action'
  actionpack (3.2.8) lib/action_controller/metal/params_wrapper.rb:207:in `process_action'
  activerecord (3.2.8) lib/active_record/railties/controller_runtime.rb:18:in `process_action'
  actionpack (3.2.8) lib/abstract_controller/base.rb:121:in `process'
  actionpack (3.2.8) lib/abstract_controller/rendering.rb:45:in `process'
  actionpack (3.2.8) lib/action_controller/metal.rb:203:in `dispatch'
  actionpack (3.2.8) lib/action_controller/metal/rack_delegation.rb:14:in `dispatch'
  actionpack (3.2.8) lib/action_controller/metal.rb:246:in `block in action'
  actionpack (3.2.8) lib/action_dispatch/routing/route_set.rb:73:in `call'
  actionpack (3.2.8) lib/action_dispatch/routing/route_set.rb:73:in `dispatch'
  actionpack (3.2.8) lib/action_dispatch/routing/route_set.rb:36:in `call'
  journey (1.0.4) lib/journey/router.rb:68:in `block in call'
  journey (1.0.4) lib/journey/router.rb:56:in `each'
  journey (1.0.4) lib/journey/router.rb:56:in `call'
  actionpack (3.2.8) lib/action_dispatch/routing/route_set.rb:600:in `call'
  actionpack (3.2.8) lib/action_dispatch/middleware/static.rb:62:in `call'
  omniauth (1.1.2) lib/omniauth/strategy.rb:177:in `call!'
  omniauth (1.1.2) lib/omniauth/strategy.rb:157:in `call'
  omniauth (1.1.2) lib/omniauth/strategy.rb:177:in `call!'
  omniauth (1.1.2) lib/omniauth/strategy.rb:157:in `call'
  warden (1.2.1) lib/warden/manager.rb:35:in `block in call'
  warden (1.2.1) lib/warden/manager.rb:34:in `catch'
  warden (1.2.1) lib/warden/manager.rb:34:in `call'
  actionpack (3.2.8) lib/action_dispatch/middleware/best_standards_support.rb:17:in `call'
  rack (1.4.1) lib/rack/etag.rb:23:in `call'
  rack (1.4.1) lib/rack/conditionalget.rb:25:in `call'
  actionpack (3.2.8) lib/action_dispatch/middleware/head.rb:14:in `call'
  actionpack (3.2.8) lib/action_dispatch/middleware/params_parser.rb:21:in `call'
  actionpack (3.2.8) lib/action_dispatch/middleware/flash.rb:242:in `call'
  rack (1.4.1) lib/rack/session/abstract/id.rb:205:in `context'
  rack (1.4.1) lib/rack/session/abstract/id.rb:200:in `call'
  actionpack (3.2.8) lib/action_dispatch/middleware/cookies.rb:339:in `call'
  activerecord (3.2.8) lib/active_record/query_cache.rb:64:in `call'
  activerecord (3.2.8) lib/active_record/connection_adapters/abstract/connection_pool.rb:473:in `call'
  actionpack (3.2.8) lib/action_dispatch/middleware/callbacks.rb:28:in `block in call'
  activesupport (3.2.8) lib/active_support/callbacks.rb:405:in `_run__1942430047682978856__call__2260604188678718150__callbacks'
  activesupport (3.2.8) lib/active_support/callbacks.rb:405:in `__run_callback'
  activesupport (3.2.8) lib/active_support/callbacks.rb:385:in `_run_call_callbacks'
  activesupport (3.2.8) lib/active_support/callbacks.rb:81:in `run_callbacks'
  actionpack (3.2.8) lib/action_dispatch/middleware/callbacks.rb:27:in `call'
  actionpack (3.2.8) lib/action_dispatch/middleware/remote_ip.rb:31:in `call'
  actionpack (3.2.8) lib/action_dispatch/middleware/debug_exceptions.rb:16:in `call'
  actionpack (3.2.8) lib/action_dispatch/middleware/show_exceptions.rb:56:in `call'
  railties (3.2.8) lib/rails/rack/logger.rb:26:in `call_app'
  railties (3.2.8) lib/rails/rack/logger.rb:16:in `call'
  actionpack (3.2.8) lib/action_dispatch/middleware/request_id.rb:22:in `call'
  rack (1.4.1) lib/rack/methodoverride.rb:21:in `call'
  rack (1.4.1) lib/rack/runtime.rb:17:in `call'
  activesupport (3.2.8) lib/active_support/cache/strategy/local_cache.rb:72:in `call'
  rack (1.4.1) lib/rack/lock.rb:15:in `call'
  rack-cache (1.2) lib/rack/cache/context.rb:136:in `forward'
  rack-cache (1.2) lib/rack/cache/context.rb:245:in `fetch'
  rack-cache (1.2) lib/rack/cache/context.rb:185:in `lookup'
  rack-cache (1.2) lib/rack/cache/context.rb:66:in `call!'
  rack-cache (1.2) lib/rack/cache/context.rb:51:in `call'
  railties (3.2.8) lib/rails/engine.rb:479:in `call'
  railties (3.2.8) lib/rails/application.rb:223:in `call'
  railties (3.2.8) lib/rails/railtie/configurable.rb:30:in `method_missing'
  unicorn (4.4.0) lib/unicorn/http_server.rb:535:in `process_client'
  unicorn (4.4.0) lib/unicorn/http_server.rb:610:in `worker_loop'
  unicorn (4.4.0) lib/unicorn/http_server.rb:491:in `spawn_missing_workers'
  unicorn (4.4.0) lib/unicorn/http_server.rb:141:in `start'
  unicorn (4.4.0) bin/unicorn_rails:209:in `<top (required)>'
  /var/home/hosting_professor7717/projects/films/shared/gems/ruby/1.9.1/bin/unicorn_rails:23:in `load'
  /var/home/hosting_professor7717/projects/films/shared/gems/ruby/1.9.1/bin/unicorn_rails:23:in `<main>'




Started GET "/announcements/user?id=5" for 46.98.3.207 at 2013-06-26 02:01:38 +0400
Processing by AnnouncementsController#get_announce_cu as JSON
  Parameters: {"id"=>"5"}
Completed 500 Internal Server Error in 75ms

ActiveRecord::RecordNotFound (Couldn't find Announcement with id=5):
  activerecord (3.2.8) lib/active_record/relation/finder_methods.rb:341:in `find_one'
  activerecord (3.2.8) lib/active_record/relation/finder_methods.rb:312:in `find_with_ids'
  activerecord (3.2.8) lib/active_record/relation/finder_methods.rb:107:in `find'
  activerecord (3.2.8) lib/active_record/querying.rb:5:in `find'
  cancan (1.6.8) lib/cancan/model_adapters/abstract_adapter.rb:20:in `find'
  cancan (1.6.8) lib/cancan/controller_resource.rb:114:in `find_resource'
  cancan (1.6.8) lib/cancan/controller_resource.rb:68:in `load_resource_instance'
  cancan (1.6.8) lib/cancan/controller_resource.rb:32:in `load_resource'
  cancan (1.6.8) lib/cancan/controller_resource.rb:25:in `load_and_authorize_resource'
  cancan (1.6.8) lib/cancan/controller_resource.rb:10:in `block in add_before_filter'
  activesupport (3.2.8) lib/active_support/callbacks.rb:418:in `_run__1177636847795971910__process_action__227404463008361695__callbacks'
  activesupport (3.2.8) lib/active_support/callbacks.rb:405:in `__run_callback'
  activesupport (3.2.8) lib/active_support/callbacks.rb:385:in `_run_process_action_callbacks'
  activesupport (3.2.8) lib/active_support/callbacks.rb:81:in `run_callbacks'
  actionpack (3.2.8) lib/abstract_controller/callbacks.rb:17:in `process_action'
  actionpack (3.2.8) lib/action_controller/metal/rescue.rb:29:in `process_action'
  actionpack (3.2.8) lib/action_controller/metal/instrumentation.rb:30:in `block in process_action'
  activesupport (3.2.8) lib/active_support/notifications.rb:123:in `block in instrument'
  activesupport (3.2.8) lib/active_support/notifications/instrumenter.rb:20:in `instrument'
  activesupport (3.2.8) lib/active_support/notifications.rb:123:in `instrument'
  actionpack (3.2.8) lib/action_controller/metal/instrumentation.rb:29:in `process_action'
  actionpack (3.2.8) lib/action_controller/metal/params_wrapper.rb:207:in `process_action'
  activerecord (3.2.8) lib/active_record/railties/controller_runtime.rb:18:in `process_action'
  actionpack (3.2.8) lib/abstract_controller/base.rb:121:in `process'
  actionpack (3.2.8) lib/abstract_controller/rendering.rb:45:in `process'
  actionpack (3.2.8) lib/action_controller/metal.rb:203:in `dispatch'
  actionpack (3.2.8) lib/action_controller/metal/rack_delegation.rb:14:in `dispatch'
  actionpack (3.2.8) lib/action_controller/metal.rb:246:in `block in action'
  actionpack (3.2.8) lib/action_dispatch/routing/route_set.rb:73:in `call'
  actionpack (3.2.8) lib/action_dispatch/routing/route_set.rb:73:in `dispatch'
  actionpack (3.2.8) lib/action_dispatch/routing/route_set.rb:36:in `call'
  journey (1.0.4) lib/journey/router.rb:68:in `block in call'
  journey (1.0.4) lib/journey/router.rb:56:in `each'
  journey (1.0.4) lib/journey/router.rb:56:in `call'
  actionpack (3.2.8) lib/action_dispatch/routing/route_set.rb:600:in `call'
  actionpack (3.2.8) lib/action_dispatch/middleware/static.rb:62:in `call'
  omniauth (1.1.2) lib/omniauth/strategy.rb:177:in `call!'
  omniauth (1.1.2) lib/omniauth/strategy.rb:157:in `call'
  omniauth (1.1.2) lib/omniauth/strategy.rb:177:in `call!'
  omniauth (1.1.2) lib/omniauth/strategy.rb:157:in `call'
  warden (1.2.1) lib/warden/manager.rb:35:in `block in call'
  warden (1.2.1) lib/warden/manager.rb:34:in `catch'
  warden (1.2.1) lib/warden/manager.rb:34:in `call'
  actionpack (3.2.8) lib/action_dispatch/middleware/best_standards_support.rb:17:in `call'
  rack (1.4.1) lib/rack/etag.rb:23:in `call'
  rack (1.4.1) lib/rack/conditionalget.rb:25:in `call'
  actionpack (3.2.8) lib/action_dispatch/middleware/head.rb:14:in `call'
  actionpack (3.2.8) lib/action_dispatch/middleware/params_parser.rb:21:in `call'
  actionpack (3.2.8) lib/action_dispatch/middleware/flash.rb:242:in `call'
  rack (1.4.1) lib/rack/session/abstract/id.rb:205:in `context'
  rack (1.4.1) lib/rack/session/abstract/id.rb:200:in `call'
  actionpack (3.2.8) lib/action_dispatch/middleware/cookies.rb:339:in `call'
  activerecord (3.2.8) lib/active_record/query_cache.rb:64:in `call'
  activerecord (3.2.8) lib/active_record/connection_adapters/abstract/connection_pool.rb:473:in `call'
  actionpack (3.2.8) lib/action_dispatch/middleware/callbacks.rb:28:in `block in call'
  activesupport (3.2.8) lib/active_support/callbacks.rb:405:in `_run__1942430047682978856__call__2260604188678718150__callbacks'
  activesupport (3.2.8) lib/active_support/callbacks.rb:405:in `__run_callback'
  activesupport (3.2.8) lib/active_support/callbacks.rb:385:in `_run_call_callbacks'
  activesupport (3.2.8) lib/active_support/callbacks.rb:81:in `run_callbacks'
  actionpack (3.2.8) lib/action_dispatch/middleware/callbacks.rb:27:in `call'
  actionpack (3.2.8) lib/action_dispatch/middleware/remote_ip.rb:31:in `call'
  actionpack (3.2.8) lib/action_dispatch/middleware/debug_exceptions.rb:16:in `call'
  actionpack (3.2.8) lib/action_dispatch/middleware/show_exceptions.rb:56:in `call'
  railties (3.2.8) lib/rails/rack/logger.rb:26:in `call_app'
  railties (3.2.8) lib/rails/rack/logger.rb:16:in `call'
  actionpack (3.2.8) lib/action_dispatch/middleware/request_id.rb:22:in `call'
  rack (1.4.1) lib/rack/methodoverride.rb:21:in `call'
  rack (1.4.1) lib/rack/runtime.rb:17:in `call'
  activesupport (3.2.8) lib/active_support/cache/strategy/local_cache.rb:72:in `call'
  rack (1.4.1) lib/rack/lock.rb:15:in `call'
  rack-cache (1.2) lib/rack/cache/context.rb:136:in `forward'
  rack-cache (1.2) lib/rack/cache/context.rb:245:in `fetch'
  rack-cache (1.2) lib/rack/cache/context.rb:185:in `lookup'
  rack-cache (1.2) lib/rack/cache/context.rb:66:in `call!'
  rack-cache (1.2) lib/rack/cache/context.rb:51:in `call'
  railties (3.2.8) lib/rails/engine.rb:479:in `call'
  railties (3.2.8) lib/rails/application.rb:223:in `call'
  railties (3.2.8) lib/rails/railtie/configurable.rb:30:in `method_missing'
  unicorn (4.4.0) lib/unicorn/http_server.rb:535:in `process_client'
  unicorn (4.4.0) lib/unicorn/http_server.rb:610:in `worker_loop'
  unicorn (4.4.0) lib/unicorn/http_server.rb:491:in `spawn_missing_workers'
  unicorn (4.4.0) lib/unicorn/http_server.rb:141:in `start'
  unicorn (4.4.0) bin/unicorn_rails:209:in `<top (required)>'
  /var/home/hosting_professor7717/projects/films/shared/gems/ruby/1.9.1/bin/unicorn_rails:23:in `load'
  /var/home/hosting_professor7717/projects/films/shared/gems/ruby/1.9.1/bin/unicorn_rails:23:in `<main>'




Started GET "/user/harakter?id=5" for 46.98.3.207 at 2013-06-26 02:01:38 +0400
Processing by UsersController#get_harakter as JSON
  Parameters: {"id"=>"5"}
Completed 200 OK in 11ms (Views: 0.3ms | ActiveRecord: 0.9ms)


Started GET "/news/category/12" for 66.249.78.82 at 2013-06-26 02:01:44 +0400
Processing by NewsController#index as */*
  Parameters: {"category"=>"12"}
  Rendered assets/_news_anons.html.erb (1.4ms)
  Rendered assets/_pagination.html.erb (60.2ms)
  Rendered news/index.html.erb within layouts/application (152.2ms)
  Rendered assets/_links.html.erb (6.4ms)
  Rendered assets/_nivo.html.erb (2.8ms)
  Rendered assets/_vidjet.html.erb (0.4ms)
  Rendered assets/_top_10.html.erb (6.2ms)
  Rendered assets/_right_baner.html.erb (1.5ms)
  Rendered assets/_bottom_baner.html.erb (1.9ms)
Completed 200 OK in 278ms (Views: 228.7ms | ActiveRecord: 5.8ms)


Started GET "/admin/users/9" for 46.98.3.207 at 2013-06-26 02:01:47 +0400
Processing by UsersController#show as HTML
  Parameters: {"id"=>"9"}
  Rendered users/show.html.erb within layouts/admin (0.1ms)
  Rendered assets/_links_a.html.erb (1.3ms)
Completed 200 OK in 20ms (Views: 3.9ms | ActiveRecord: 1.9ms)


Started GET "/films/user/9" for 46.98.3.207 at 2013-06-26 02:01:49 +0400
Processing by FilmsController#get_cu_films as JSON
  Parameters: {"id"=>"9"}
Completed 500 Internal Server Error in 7ms

ActiveRecord::RecordNotFound (Couldn't find Film with id=9):
  activerecord (3.2.8) lib/active_record/relation/finder_methods.rb:341:in `find_one'
  activerecord (3.2.8) lib/active_record/relation/finder_methods.rb:312:in `find_with_ids'
  activerecord (3.2.8) lib/active_record/relation/finder_methods.rb:107:in `find'
  activerecord (3.2.8) lib/active_record/querying.rb:5:in `find'
  cancan (1.6.8) lib/cancan/model_adapters/abstract_adapter.rb:20:in `find'
  cancan (1.6.8) lib/cancan/controller_resource.rb:114:in `find_resource'
  cancan (1.6.8) lib/cancan/controller_resource.rb:68:in `load_resource_instance'
  cancan (1.6.8) lib/cancan/controller_resource.rb:32:in `load_resource'
  cancan (1.6.8) lib/cancan/controller_resource.rb:25:in `load_and_authorize_resource'
  cancan (1.6.8) lib/cancan/controller_resource.rb:10:in `block in add_before_filter'
  activesupport (3.2.8) lib/active_support/callbacks.rb:418:in `_run__1883917971531074681__process_action__381879619243840634__callbacks'
  activesupport (3.2.8) lib/active_support/callbacks.rb:405:in `__run_callback'
  activesupport (3.2.8) lib/active_support/callbacks.rb:385:in `_run_process_action_callbacks'
  activesupport (3.2.8) lib/active_support/callbacks.rb:81:in `run_callbacks'
  actionpack (3.2.8) lib/abstract_controller/callbacks.rb:17:in `process_action'
  actionpack (3.2.8) lib/action_controller/metal/rescue.rb:29:in `process_action'
  actionpack (3.2.8) lib/action_controller/metal/instrumentation.rb:30:in `block in process_action'
  activesupport (3.2.8) lib/active_support/notifications.rb:123:in `block in instrument'
  activesupport (3.2.8) lib/active_support/notifications/instrumenter.rb:20:in `instrument'
  activesupport (3.2.8) lib/active_support/notifications.rb:123:in `instrument'
  actionpack (3.2.8) lib/action_controller/metal/instrumentation.rb:29:in `process_action'
  actionpack (3.2.8) lib/action_controller/metal/params_wrapper.rb:207:in `process_action'
  activerecord (3.2.8) lib/active_record/railties/controller_runtime.rb:18:in `process_action'
  actionpack (3.2.8) lib/abstract_controller/base.rb:121:in `process'
  actionpack (3.2.8) lib/abstract_controller/rendering.rb:45:in `process'
  actionpack (3.2.8) lib/action_controller/metal.rb:203:in `dispatch'
  actionpack (3.2.8) lib/action_controller/metal/rack_delegation.rb:14:in `dispatch'
  actionpack (3.2.8) lib/action_controller/metal.rb:246:in `block in action'
  actionpack (3.2.8) lib/action_dispatch/routing/route_set.rb:73:in `call'
  actionpack (3.2.8) lib/action_dispatch/routing/route_set.rb:73:in `dispatch'
  actionpack (3.2.8) lib/action_dispatch/routing/route_set.rb:36:in `call'
  journey (1.0.4) lib/journey/router.rb:68:in `block in call'
  journey (1.0.4) lib/journey/router.rb:56:in `each'
  journey (1.0.4) lib/journey/router.rb:56:in `call'
  actionpack (3.2.8) lib/action_dispatch/routing/route_set.rb:600:in `call'
  actionpack (3.2.8) lib/action_dispatch/middleware/static.rb:62:in `call'
  omniauth (1.1.2) lib/omniauth/strategy.rb:177:in `call!'
  omniauth (1.1.2) lib/omniauth/strategy.rb:157:in `call'
  omniauth (1.1.2) lib/omniauth/strategy.rb:177:in `call!'
  omniauth (1.1.2) lib/omniauth/strategy.rb:157:in `call'
  warden (1.2.1) lib/warden/manager.rb:35:in `block in call'
  warden (1.2.1) lib/warden/manager.rb:34:in `catch'
  warden (1.2.1) lib/warden/manager.rb:34:in `call'
  actionpack (3.2.8) lib/action_dispatch/middleware/best_standards_support.rb:17:in `call'
  rack (1.4.1) lib/rack/etag.rb:23:in `call'
  rack (1.4.1) lib/rack/conditionalget.rb:25:in `call'
  actionpack (3.2.8) lib/action_dispatch/middleware/head.rb:14:in `call'
  actionpack (3.2.8) lib/action_dispatch/middleware/params_parser.rb:21:in `call'
  actionpack (3.2.8) lib/action_dispatch/middleware/flash.rb:242:in `call'
  rack (1.4.1) lib/rack/session/abstract/id.rb:205:in `context'
  rack (1.4.1) lib/rack/session/abstract/id.rb:200:in `call'
  actionpack (3.2.8) lib/action_dispatch/middleware/cookies.rb:339:in `call'
  activerecord (3.2.8) lib/active_record/query_cache.rb:64:in `call'
  activerecord (3.2.8) lib/active_record/connection_adapters/abstract/connection_pool.rb:473:in `call'
  actionpack (3.2.8) lib/action_dispatch/middleware/callbacks.rb:28:in `block in call'
  activesupport (3.2.8) lib/active_support/callbacks.rb:405:in `_run__1942430047682978856__call__2260604188678718150__callbacks'
  activesupport (3.2.8) lib/active_support/callbacks.rb:405:in `__run_callback'
  activesupport (3.2.8) lib/active_support/callbacks.rb:385:in `_run_call_callbacks'
  activesupport (3.2.8) lib/active_support/callbacks.rb:81:in `run_callbacks'
  actionpack (3.2.8) lib/action_dispatch/middleware/callbacks.rb:27:in `call'
  actionpack (3.2.8) lib/action_dispatch/middleware/remote_ip.rb:31:in `call'
  actionpack (3.2.8) lib/action_dispatch/middleware/debug_exceptions.rb:16:in `call'
  actionpack (3.2.8) lib/action_dispatch/middleware/show_exceptions.rb:56:in `call'
  railties (3.2.8) lib/rails/rack/logger.rb:26:in `call_app'
  railties (3.2.8) lib/rails/rack/logger.rb:16:in `call'
  actionpack (3.2.8) lib/action_dispatch/middleware/request_id.rb:22:in `call'
  rack (1.4.1) lib/rack/methodoverride.rb:21:in `call'
  rack (1.4.1) lib/rack/runtime.rb:17:in `call'
  activesupport (3.2.8) lib/active_support/cache/strategy/local_cache.rb:72:in `call'
  rack (1.4.1) lib/rack/lock.rb:15:in `call'
  rack-cache (1.2) lib/rack/cache/context.rb:136:in `forward'
  rack-cache (1.2) lib/rack/cache/context.rb:245:in `fetch'
  rack-cache (1.2) lib/rack/cache/context.rb:185:in `lookup'
  rack-cache (1.2) lib/rack/cache/context.rb:66:in `call!'
  rack-cache (1.2) lib/rack/cache/context.rb:51:in `call'
  railties (3.2.8) lib/rails/engine.rb:479:in `call'
  railties (3.2.8) lib/rails/application.rb:223:in `call'
  railties (3.2.8) lib/rails/railtie/configurable.rb:30:in `method_missing'
  unicorn (4.4.0) lib/unicorn/http_server.rb:535:in `process_client'
  unicorn (4.4.0) lib/unicorn/http_server.rb:610:in `worker_loop'
  unicorn (4.4.0) lib/unicorn/http_server.rb:491:in `spawn_missing_workers'
  unicorn (4.4.0) lib/unicorn/http_server.rb:141:in `start'
  unicorn (4.4.0) bin/unicorn_rails:209:in `<top (required)>'
  /var/home/hosting_professor7717/projects/films/shared/gems/ruby/1.9.1/bin/unicorn_rails:23:in `load'
  /var/home/hosting_professor7717/projects/films/shared/gems/ruby/1.9.1/bin/unicorn_rails:23:in `<main>'




Started GET "/news/user?id=9" for 46.98.3.207 at 2013-06-26 02:01:49 +0400
Processing by NewsController#get_new_cu as JSON
  Parameters: {"id"=>"9"}
Completed 500 Internal Server Error in 7ms

ActiveRecord::RecordNotFound (Couldn't find News with id=9):
  activerecord (3.2.8) lib/active_record/relation/finder_methods.rb:341:in `find_one'
  activerecord (3.2.8) lib/active_record/relation/finder_methods.rb:312:in `find_with_ids'
  activerecord (3.2.8) lib/active_record/relation/finder_methods.rb:107:in `find'
  activerecord (3.2.8) lib/active_record/querying.rb:5:in `find'
  cancan (1.6.8) lib/cancan/model_adapters/abstract_adapter.rb:20:in `find'
  cancan (1.6.8) lib/cancan/controller_resource.rb:114:in `find_resource'
  cancan (1.6.8) lib/cancan/controller_resource.rb:68:in `load_resource_instance'
  cancan (1.6.8) lib/cancan/controller_resource.rb:32:in `load_resource'
  cancan (1.6.8) lib/cancan/controller_resource.rb:25:in `load_and_authorize_resource'
  cancan (1.6.8) lib/cancan/controller_resource.rb:10:in `block in add_before_filter'
  activesupport (3.2.8) lib/active_support/callbacks.rb:418:in `_run__1091110730135833021__process_action__1380787972858424945__callbacks'
  activesupport (3.2.8) lib/active_support/callbacks.rb:405:in `__run_callback'
  activesupport (3.2.8) lib/active_support/callbacks.rb:385:in `_run_process_action_callbacks'
  activesupport (3.2.8) lib/active_support/callbacks.rb:81:in `run_callbacks'
  actionpack (3.2.8) lib/abstract_controller/callbacks.rb:17:in `process_action'
  actionpack (3.2.8) lib/action_controller/metal/rescue.rb:29:in `process_action'
  actionpack (3.2.8) lib/action_controller/metal/instrumentation.rb:30:in `block in process_action'
  activesupport (3.2.8) lib/active_support/notifications.rb:123:in `block in instrument'
  activesupport (3.2.8) lib/active_support/notifications/instrumenter.rb:20:in `instrument'
  activesupport (3.2.8) lib/active_support/notifications.rb:123:in `instrument'
  actionpack (3.2.8) lib/action_controller/metal/instrumentation.rb:29:in `process_action'
  actionpack (3.2.8) lib/action_controller/metal/params_wrapper.rb:207:in `process_action'
  activerecord (3.2.8) lib/active_record/railties/controller_runtime.rb:18:in `process_action'
  actionpack (3.2.8) lib/abstract_controller/base.rb:121:in `process'
  actionpack (3.2.8) lib/abstract_controller/rendering.rb:45:in `process'
  actionpack (3.2.8) lib/action_controller/metal.rb:203:in `dispatch'
  actionpack (3.2.8) lib/action_controller/metal/rack_delegation.rb:14:in `dispatch'
  actionpack (3.2.8) lib/action_controller/metal.rb:246:in `block in action'
  actionpack (3.2.8) lib/action_dispatch/routing/route_set.rb:73:in `call'
  actionpack (3.2.8) lib/action_dispatch/routing/route_set.rb:73:in `dispatch'
  actionpack (3.2.8) lib/action_dispatch/routing/route_set.rb:36:in `call'
  journey (1.0.4) lib/journey/router.rb:68:in `block in call'
  journey (1.0.4) lib/journey/router.rb:56:in `each'
  journey (1.0.4) lib/journey/router.rb:56:in `call'
  actionpack (3.2.8) lib/action_dispatch/routing/route_set.rb:600:in `call'
  actionpack (3.2.8) lib/action_dispatch/middleware/static.rb:62:in `call'
  omniauth (1.1.2) lib/omniauth/strategy.rb:177:in `call!'
  omniauth (1.1.2) lib/omniauth/strategy.rb:157:in `call'
  omniauth (1.1.2) lib/omniauth/strategy.rb:177:in `call!'
  omniauth (1.1.2) lib/omniauth/strategy.rb:157:in `call'
  warden (1.2.1) lib/warden/manager.rb:35:in `block in call'
  warden (1.2.1) lib/warden/manager.rb:34:in `catch'
  warden (1.2.1) lib/warden/manager.rb:34:in `call'
  actionpack (3.2.8) lib/action_dispatch/middleware/best_standards_support.rb:17:in `call'
  rack (1.4.1) lib/rack/etag.rb:23:in `call'
  rack (1.4.1) lib/rack/conditionalget.rb:25:in `call'
  actionpack (3.2.8) lib/action_dispatch/middleware/head.rb:14:in `call'
  actionpack (3.2.8) lib/action_dispatch/middleware/params_parser.rb:21:in `call'
  actionpack (3.2.8) lib/action_dispatch/middleware/flash.rb:242:in `call'
  rack (1.4.1) lib/rack/session/abstract/id.rb:205:in `context'
  rack (1.4.1) lib/rack/session/abstract/id.rb:200:in `call'
  actionpack (3.2.8) lib/action_dispatch/middleware/cookies.rb:339:in `call'
  activerecord (3.2.8) lib/active_record/query_cache.rb:64:in `call'
  activerecord (3.2.8) lib/active_record/connection_adapters/abstract/connection_pool.rb:473:in `call'
  actionpack (3.2.8) lib/action_dispatch/middleware/callbacks.rb:28:in `block in call'
  activesupport (3.2.8) lib/active_support/callbacks.rb:405:in `_run__1942430047682978856__call__2260604188678718150__callbacks'
  activesupport (3.2.8) lib/active_support/callbacks.rb:405:in `__run_callback'
  activesupport (3.2.8) lib/active_support/callbacks.rb:385:in `_run_call_callbacks'
  activesupport (3.2.8) lib/active_support/callbacks.rb:81:in `run_callbacks'
  actionpack (3.2.8) lib/action_dispatch/middleware/callbacks.rb:27:in `call'
  actionpack (3.2.8) lib/action_dispatch/middleware/remote_ip.rb:31:in `call'
  actionpack (3.2.8) lib/action_dispatch/middleware/debug_exceptions.rb:16:in `call'
  actionpack (3.2.8) lib/action_dispatch/middleware/show_exceptions.rb:56:in `call'
  railties (3.2.8) lib/rails/rack/logger.rb:26:in `call_app'
  railties (3.2.8) lib/rails/rack/logger.rb:16:in `call'
  actionpack (3.2.8) lib/action_dispatch/middleware/request_id.rb:22:in `call'
  rack (1.4.1) lib/rack/methodoverride.rb:21:in `call'
  rack (1.4.1) lib/rack/runtime.rb:17:in `call'
  activesupport (3.2.8) lib/active_support/cache/strategy/local_cache.rb:72:in `call'
  rack (1.4.1) lib/rack/lock.rb:15:in `call'
  rack-cache (1.2) lib/rack/cache/context.rb:136:in `forward'
  rack-cache (1.2) lib/rack/cache/context.rb:245:in `fetch'
  rack-cache (1.2) lib/rack/cache/context.rb:185:in `lookup'
  rack-cache (1.2) lib/rack/cache/context.rb:66:in `call!'
  rack-cache (1.2) lib/rack/cache/context.rb:51:in `call'
  railties (3.2.8) lib/rails/engine.rb:479:in `call'
  railties (3.2.8) lib/rails/application.rb:223:in `call'
  railties (3.2.8) lib/rails/railtie/configurable.rb:30:in `method_missing'
  unicorn (4.4.0) lib/unicorn/http_server.rb:535:in `process_client'
  unicorn (4.4.0) lib/unicorn/http_server.rb:610:in `worker_loop'
  unicorn (4.4.0) lib/unicorn/http_server.rb:491:in `spawn_missing_workers'
  unicorn (4.4.0) lib/unicorn/http_server.rb:141:in `start'
  unicorn (4.4.0) bin/unicorn_rails:209:in `<top (required)>'
  /var/home/hosting_professor7717/projects/films/shared/gems/ruby/1.9.1/bin/unicorn_rails:23:in `load'
  /var/home/hosting_professor7717/projects/films/shared/gems/ruby/1.9.1/bin/unicorn_rails:23:in `<main>'




Started GET "/announcements/user?id=9" for 46.98.3.207 at 2013-06-26 02:01:49 +0400
Processing by AnnouncementsController#get_announce_cu as JSON
  Parameters: {"id"=>"9"}
Completed 500 Internal Server Error in 6ms

ActiveRecord::RecordNotFound (Couldn't find Announcement with id=9):
  activerecord (3.2.8) lib/active_record/relation/finder_methods.rb:341:in `find_one'
  activerecord (3.2.8) lib/active_record/relation/finder_methods.rb:312:in `find_with_ids'
  activerecord (3.2.8) lib/active_record/relation/finder_methods.rb:107:in `find'
  activerecord (3.2.8) lib/active_record/querying.rb:5:in `find'
  cancan (1.6.8) lib/cancan/model_adapters/abstract_adapter.rb:20:in `find'
  cancan (1.6.8) lib/cancan/controller_resource.rb:114:in `find_resource'
  cancan (1.6.8) lib/cancan/controller_resource.rb:68:in `load_resource_instance'
  cancan (1.6.8) lib/cancan/controller_resource.rb:32:in `load_resource'
  cancan (1.6.8) lib/cancan/controller_resource.rb:25:in `load_and_authorize_resource'
  cancan (1.6.8) lib/cancan/controller_resource.rb:10:in `block in add_before_filter'
  activesupport (3.2.8) lib/active_support/callbacks.rb:418:in `_run__1177636847795971910__process_action__227404463008361695__callbacks'
  activesupport (3.2.8) lib/active_support/callbacks.rb:405:in `__run_callback'
  activesupport (3.2.8) lib/active_support/callbacks.rb:385:in `_run_process_action_callbacks'
  activesupport (3.2.8) lib/active_support/callbacks.rb:81:in `run_callbacks'
  actionpack (3.2.8) lib/abstract_controller/callbacks.rb:17:in `process_action'
  actionpack (3.2.8) lib/action_controller/metal/rescue.rb:29:in `process_action'
  actionpack (3.2.8) lib/action_controller/metal/instrumentation.rb:30:in `block in process_action'
  activesupport (3.2.8) lib/active_support/notifications.rb:123:in `block in instrument'
  activesupport (3.2.8) lib/active_support/notifications/instrumenter.rb:20:in `instrument'
  activesupport (3.2.8) lib/active_support/notifications.rb:123:in `instrument'
  actionpack (3.2.8) lib/action_controller/metal/instrumentation.rb:29:in `process_action'
  actionpack (3.2.8) lib/action_controller/metal/params_wrapper.rb:207:in `process_action'
  activerecord (3.2.8) lib/active_record/railties/controller_runtime.rb:18:in `process_action'
  actionpack (3.2.8) lib/abstract_controller/base.rb:121:in `process'
  actionpack (3.2.8) lib/abstract_controller/rendering.rb:45:in `process'
  actionpack (3.2.8) lib/action_controller/metal.rb:203:in `dispatch'
  actionpack (3.2.8) lib/action_controller/metal/rack_delegation.rb:14:in `dispatch'
  actionpack (3.2.8) lib/action_controller/metal.rb:246:in `block in action'
  actionpack (3.2.8) lib/action_dispatch/routing/route_set.rb:73:in `call'
  actionpack (3.2.8) lib/action_dispatch/routing/route_set.rb:73:in `dispatch'
  actionpack (3.2.8) lib/action_dispatch/routing/route_set.rb:36:in `call'
  journey (1.0.4) lib/journey/router.rb:68:in `block in call'
  journey (1.0.4) lib/journey/router.rb:56:in `each'
  journey (1.0.4) lib/journey/router.rb:56:in `call'
  actionpack (3.2.8) lib/action_dispatch/routing/route_set.rb:600:in `call'
  actionpack (3.2.8) lib/action_dispatch/middleware/static.rb:62:in `call'
  omniauth (1.1.2) lib/omniauth/strategy.rb:177:in `call!'
  omniauth (1.1.2) lib/omniauth/strategy.rb:157:in `call'
  omniauth (1.1.2) lib/omniauth/strategy.rb:177:in `call!'
  omniauth (1.1.2) lib/omniauth/strategy.rb:157:in `call'
  warden (1.2.1) lib/warden/manager.rb:35:in `block in call'
  warden (1.2.1) lib/warden/manager.rb:34:in `catch'
  warden (1.2.1) lib/warden/manager.rb:34:in `call'
  actionpack (3.2.8) lib/action_dispatch/middleware/best_standards_support.rb:17:in `call'
  rack (1.4.1) lib/rack/etag.rb:23:in `call'
  rack (1.4.1) lib/rack/conditionalget.rb:25:in `call'
  actionpack (3.2.8) lib/action_dispatch/middleware/head.rb:14:in `call'
  actionpack (3.2.8) lib/action_dispatch/middleware/params_parser.rb:21:in `call'
  actionpack (3.2.8) lib/action_dispatch/middleware/flash.rb:242:in `call'
  rack (1.4.1) lib/rack/session/abstract/id.rb:205:in `context'
  rack (1.4.1) lib/rack/session/abstract/id.rb:200:in `call'
  actionpack (3.2.8) lib/action_dispatch/middleware/cookies.rb:339:in `call'
  activerecord (3.2.8) lib/active_record/query_cache.rb:64:in `call'
  activerecord (3.2.8) lib/active_record/connection_adapters/abstract/connection_pool.rb:473:in `call'
  actionpack (3.2.8) lib/action_dispatch/middleware/callbacks.rb:28:in `block in call'
  activesupport (3.2.8) lib/active_support/callbacks.rb:405:in `_run__1942430047682978856__call__2260604188678718150__callbacks'
  activesupport (3.2.8) lib/active_support/callbacks.rb:405:in `__run_callback'
  activesupport (3.2.8) lib/active_support/callbacks.rb:385:in `_run_call_callbacks'
  activesupport (3.2.8) lib/active_support/callbacks.rb:81:in `run_callbacks'
  actionpack (3.2.8) lib/action_dispatch/middleware/callbacks.rb:27:in `call'
  actionpack (3.2.8) lib/action_dispatch/middleware/remote_ip.rb:31:in `call'
  actionpack (3.2.8) lib/action_dispatch/middleware/debug_exceptions.rb:16:in `call'
  actionpack (3.2.8) lib/action_dispatch/middleware/show_exceptions.rb:56:in `call'
  railties (3.2.8) lib/rails/rack/logger.rb:26:in `call_app'
  railties (3.2.8) lib/rails/rack/logger.rb:16:in `call'
  actionpack (3.2.8) lib/action_dispatch/middleware/request_id.rb:22:in `call'
  rack (1.4.1) lib/rack/methodoverride.rb:21:in `call'
  rack (1.4.1) lib/rack/runtime.rb:17:in `call'
  activesupport (3.2.8) lib/active_support/cache/strategy/local_cache.rb:72:in `call'
  rack (1.4.1) lib/rack/lock.rb:15:in `call'
  rack-cache (1.2) lib/rack/cache/context.rb:136:in `forward'
  rack-cache (1.2) lib/rack/cache/context.rb:245:in `fetch'
  rack-cache (1.2) lib/rack/cache/context.rb:185:in `lookup'
  rack-cache (1.2) lib/rack/cache/context.rb:66:in `call!'
  rack-cache (1.2) lib/rack/cache/context.rb:51:in `call'
  railties (3.2.8) lib/rails/engine.rb:479:in `call'
  railties (3.2.8) lib/rails/application.rb:223:in `call'
  railties (3.2.8) lib/rails/railtie/configurable.rb:30:in `method_missing'
  unicorn (4.4.0) lib/unicorn/http_server.rb:535:in `process_client'
  unicorn (4.4.0) lib/unicorn/http_server.rb:610:in `worker_loop'
  unicorn (4.4.0) lib/unicorn/http_server.rb:491:in `spawn_missing_workers'
  unicorn (4.4.0) lib/unicorn/http_server.rb:141:in `start'
  unicorn (4.4.0) bin/unicorn_rails:209:in `<top (required)>'
  /var/home/hosting_professor7717/projects/films/shared/gems/ruby/1.9.1/bin/unicorn_rails:23:in `load'
  /var/home/hosting_professor7717/projects/films/shared/gems/ruby/1.9.1/bin/unicorn_rails:23:in `<main>'




Started GET "/user/harakter?id=9" for 46.98.3.207 at 2013-06-26 02:01:49 +0400
Processing by UsersController#get_harakter as JSON
  Parameters: {"id"=>"9"}
Completed 200 OK in 9ms (Views: 0.3ms | ActiveRecord: 1.0ms)


Started GET "/films/user" for 46.98.3.207 at 2013-06-26 02:03:55 +0400
Processing by FilmsController#show as HTML
  Parameters: {"frendlyname"=>"user"}
Completed 500 Internal Server Error in 15ms

ActiveRecord::RecordNotFound (Couldn't find Film with id=user):
  app/controllers/films_controller.rb:19:in `show'




Started GET "/films/user.json" for 46.98.3.207 at 2013-06-26 02:04:03 +0400
Processing by FilmsController#show as JSON
  Parameters: {"frendlyname"=>"user"}
Completed 500 Internal Server Error in 12ms

ActiveRecord::RecordNotFound (Couldn't find Film with id=user):
  app/controllers/films_controller.rb:19:in `show'




Started GET "/films/user" for 46.98.3.207 at 2013-06-26 02:04:08 +0400
Processing by FilmsController#show as HTML
  Parameters: {"frendlyname"=>"user"}
Completed 500 Internal Server Error in 12ms

ActiveRecord::RecordNotFound (Couldn't find Film with id=user):
  app/controllers/films_controller.rb:19:in `show'




Started GET "/films/user" for 46.98.3.207 at 2013-06-26 02:04:10 +0400
Processing by FilmsController#show as HTML
  Parameters: {"frendlyname"=>"user"}
Completed 500 Internal Server Error in 12ms

ActiveRecord::RecordNotFound (Couldn't find Film with id=user):
  app/controllers/films_controller.rb:19:in `show'




Started GET "/films/user" for 46.98.3.207 at 2013-06-26 02:04:12 +0400
Processing by FilmsController#show as HTML
  Parameters: {"frendlyname"=>"user"}
Completed 500 Internal Server Error in 14ms

ActiveRecord::RecordNotFound (Couldn't find Film with id=user):
  app/controllers/films_controller.rb:19:in `show'


